[2025-02-06 00:46:17] [32MINFO[39M: Server is running on port 3030
[2025-02-06 00:46:32] [32MINFO[39M: POST /api/lessons/generate-lesson 200 54 - 14.034 ms
[2025-02-06 00:46:40] [32MINFO[39M: POST /api/lessons/generate-lesson 200 773 - 2251.604 ms
[2025-02-06 00:48:34] [32minfo[39m: Server is running on port 3030
[2025-02-06 00:48:58] [32minfo[39m: Server is running on port 3030
[2025-02-06 00:51:25] [32minfo[39m: Server is running on port 3030
[2025-02-06 00:53:51] [32minfo[39m: Server is running on port 3030
[2025-02-06 00:55:16] [32minfo[39m: Server is running on port 3030
[2025-02-06 00:55:21] [32minfo[39m: Lesson generation request received
[2025-02-06 00:55:28] [32minfo[39m: Lesson generation request received
[2025-02-06 00:56:13] [32minfo[39m: Server is running on port 3030
[2025-02-06 00:56:15] [32minfo[39m: Lesson generation request received
[2025-02-06 00:56:15] [32mhttp[39m: POST /api/lessons/generate-lesson 200 15.170 ms
[2025-02-06 00:56:25] [32minfo[39m: Server is running on port 3030
[2025-02-06 00:56:28] [32minfo[39m: Server is running on port 3030
[2025-02-06 00:56:55] [32minfo[39m: Server is running on port 3030
[2025-02-06 00:56:59] [32minfo[39m: Server is running on port 3030
[2025-02-06 00:57:03] [32minfo[39m: Server is running on port 3030
[2025-02-06 00:57:07] [32minfo[39m: Server is running on port 3030
[2025-02-06 00:57:09] [32minfo[39m: Server is running on port 3030
[2025-02-06 00:57:10] [32minfo[39m: Server is running on port 3030
[2025-02-06 00:57:12] [32minfo[39m: Server is running on port 3030
[2025-02-06 00:57:14] [32mhttp[39m: Lesson generation request received
[2025-02-06 00:57:14] [32minfo[39m: Lesson generation request received
[2025-02-06 00:57:14] [32mhttp[39m: POST /api/lessons/generate-lesson 200 16.116 ms
[2025-02-06 00:57:27] [32minfo[39m: Server is running on port 3030
[2025-02-06 00:57:29] [32minfo[39m: Server is running on port 3030
[2025-02-06 00:58:33] [32minfo[39m: Server is running on port 3030
[2025-02-06 00:58:37] [32minfo[39m: Lesson generation request received
[2025-02-06 00:58:37] [32mhttp[39m: POST /api/lessons/generate-lesson 200 13.884 ms
[2025-02-06 00:58:50] [32minfo[39m: Server is running on port 3030
[2025-02-06 00:58:53] [32minfo[39m: Lesson generation request received
[2025-02-06 00:58:53] [36mhttp[39m: POST /api/lessons/generate-lesson 200 14.956 ms
[2025-02-06 00:59:04] [32minfo[39m: Lesson generation request received
[2025-02-06 00:59:04] [36mhttp[39m: POST /api/lessons/generate-lesson 200 2630.419 ms
[2025-02-06 01:00:22] [32minfo[39m: Server is running on port 3030
[2025-02-06 01:00:22] [32minfo[39m: This should be green
[2025-02-06 01:00:22] [36mhttp[39m: This should be cyan
[2025-02-06 01:00:22] [33mwarn[39m: This should be yellow
[2025-02-06 01:00:22] [31merror[39m: This should be red
[2025-02-06 01:00:36] [32minfo[39m: Server is running on port 3030
[2025-02-06 01:00:37] [32minfo[39m: Server is running on port 3030
[2025-02-06 12:48:05] [32minfo[39m: Server is running on port 3030
[2025-02-06 12:48:07] [32minfo[39m: Server is running on port 3030
[2025-02-06 12:48:12] [32minfo[39m: Lesson generation request received
[2025-02-06 12:48:12] [36mhttp[39m: POST /api/lessons/generate-lesson 200 3577.090 ms
[2025-02-06 12:55:27] [32minfo[39m: Server is running on port 3030
[2025-02-06 12:55:37] [32minfo[39m: Server is running on port 3030
[2025-02-06 12:55:40] [32minfo[39m: Server is running on port 3030
[2025-02-06 12:58:21] [32minfo[39m: Server is running on port 3030
[2025-02-06 12:58:40] [32minfo[39m: Server is running on port 3030
[2025-02-06 12:59:00] [36mhttp[39m: POST /api/lessons/generate-lesson 400 14.371 ms
[2025-02-06 12:59:16] [36mhttp[39m: POST /api/lessons/generate-lesson 400 3.204 ms
[2025-02-06 12:59:24] [36mhttp[39m: POST /api/lessons/generate-lesson 400 2.456 ms
[2025-02-06 12:59:36] [36mhttp[39m: POST /api/lessons/generate-lesson 400 1.706 ms
[2025-02-06 12:59:44] [32minfo[39m: Server is running on port 3030
[2025-02-06 12:59:47] [32minfo[39m: Server is running on port 3030
[2025-02-06 12:59:50] [32minfo[39m: Server is running on port 3030
[2025-02-06 12:59:53] [32minfo[39m: Server is running on port 3030
[2025-02-06 12:59:56] [32minfo[39m: Server is running on port 3030
[2025-02-06 13:00:10] [36mhttp[39m: POST /api/lessons/generate-lesson 400 19.719 ms
[2025-02-06 13:00:22] [32minfo[39m: Lesson generation request received
[2025-02-06 13:00:22] [36mhttp[39m: POST /api/lessons/generate-lesson 200 3544.898 ms
[2025-02-06 18:17:28] [32minfo[39m: Server is running on port 3030
[2025-02-06 18:17:48] [36mhttp[39m: POST /api/users/register 400 14.468 ms
[2025-02-06 18:20:04] [36mhttp[39m: POST /api/users/register 201 152.866 ms
[2025-02-06 18:20:22] [36mhttp[39m: POST /api/users/login 200 104.619 ms
[2025-02-06 18:20:28] [36mhttp[39m: POST /api/users/login 400 107.435 ms
[2025-02-06 18:20:36] [36mhttp[39m: POST /api/users/login 400 17.339 ms
[2025-02-06 22:01:46] [32minfo[39m: Server is running on port 3030
[2025-02-06 22:02:06] [36mhttp[39m: POST /auth/google 404 9.753 ms
[2025-02-06 22:02:20] [36mhttp[39m: POST /auth/google 404 1.428 ms
[2025-02-06 22:02:59] [36mhttp[39m: GET /auth/google 404 2.334 ms
[2025-02-06 22:03:09] [36mhttp[39m: GET /auth/google 404 2.859 ms
[2025-02-06 22:04:19] [36mhttp[39m: GET /auth/google 404 0.810 ms
[2025-02-06 22:04:20] [36mhttp[39m: GET /auth/google 404 7.455 ms
[2025-02-06 22:04:28] [36mhttp[39m: GET /auth/google 404 0.655 ms
[2025-02-06 22:04:41] [36mhttp[39m: GET /auth/google 404 0.644 ms
[2025-02-06 22:05:14] [32minfo[39m: Server is running on port 3030
[2025-02-06 22:05:34] [32minfo[39m: Server is running on port 3030
[2025-02-06 22:05:37] [32minfo[39m: Server is running on port 3030
[2025-02-06 22:05:40] [32minfo[39m: Server is running on port 3030
[2025-02-06 22:05:47] [32minfo[39m: Server is running on port 3030
[2025-02-06 22:06:02] [36mhttp[39m: GET /api/users/auth/google 302 2.650 ms
[2025-02-06 22:06:19] [36mhttp[39m: GET /api/users/auth/google 302 1.046 ms
[2025-02-06 22:06:29] [31merror[39m: User validation failed: password: Path `password` is required.
[2025-02-06 22:06:29] [31merror[39m: Error: $
[2025-02-06 22:06:29] [36mhttp[39m: GET /api/users/auth/google/callback?code=4%2F0ASVgi3L4q2eGYi1EEmCqgoAkgkT95fSzoMGFBtkLbOck2IQiQuvj9iyrumsWeIl-sFsXNg&scope=email+profile+openid+https%3A%2F%2Fwww.googleapis.com%2Fauth%2Fuserinfo.profile+https%3A%2F%2Fwww.googleapis.com%2Fauth%2Fuserinfo.email&authuser=0&prompt=consent 500 325.163 ms
[2025-02-06 22:08:57] [32minfo[39m: Server is running on port 3030
[2025-02-06 22:09:03] [32minfo[39m: Server is running on port 3030
[2025-02-06 22:09:07] [32minfo[39m: Server is running on port 3030
[2025-02-06 22:09:17] [36mhttp[39m: GET /api/users/auth/google 302 2.621 ms
[2025-02-06 22:09:24] [31merror[39m: Error: $
[2025-02-06 22:09:24] [36mhttp[39m: GET /api/users/auth/google/callback?code=4%2F0ASVgi3LWdkmDYwT_NK3bklxM1ho68RkX-mAZE9Uyr11XAw0xbAqwVWbSxZpwsfmGG0BRtw&scope=email+profile+openid+https%3A%2F%2Fwww.googleapis.com%2Fauth%2Fuserinfo.profile+https%3A%2F%2Fwww.googleapis.com%2Fauth%2Fuserinfo.email&authuser=1&prompt=consent 500 384.905 ms
[2025-02-06 22:10:41] [32minfo[39m: Server is running on port 3030
[2025-02-06 22:11:12] [32minfo[39m: Server is running on port 3030
[2025-02-06 22:11:18] [32minfo[39m: Server is running on port 3030
[2025-02-06 22:11:21] [32minfo[39m: Server is running on port 3030
[2025-02-06 22:11:59] [36mhttp[39m: GET /api/users/auth/google 302 3.171 ms
[2025-02-06 22:12:01] [31merror[39m: Cannot read properties of undefined (reading 'emails')
[2025-02-06 22:12:46] [32minfo[39m: Server is running on port 3030
[2025-02-06 22:13:39] [31merror[39m: Error: $
[2025-02-06 22:13:39] [36mhttp[39m: GET /api/users/auth/google/callback?code=4%2F0ASVgi3JauaJxULwvqsnCokGNOxGbfzIIcUUq_btMmvpJz0eptiy8kRvYNtu829eMR_Wc5w&scope=email+profile+https%3A%2F%2Fwww.googleapis.com%2Fauth%2Fuserinfo.email+https%3A%2F%2Fwww.googleapis.com%2Fauth%2Fuserinfo.profile+openid&authuser=1&prompt=none 500 137.400 ms
[2025-02-06 23:09:04] [31merror[39m: Error: $
[2025-02-06 23:09:05] [36mhttp[39m: GET /api/users/auth/google/callback?code=4%2F0ASVgi3JauaJxULwvqsnCokGNOxGbfzIIcUUq_btMmvpJz0eptiy8kRvYNtu829eMR_Wc5w&scope=email+profile+https%3A%2F%2Fwww.googleapis.com%2Fauth%2Fuserinfo.email+https%3A%2F%2Fwww.googleapis.com%2Fauth%2Fuserinfo.profile+openid&authuser=1&prompt=none 500 167.003 ms
[2025-02-06 23:09:09] [36mhttp[39m: GET /api/users/auth/google 302 4.992 ms
[2025-02-06 23:09:11] [36mhttp[39m: GET /api/users/auth/google 302 0.722 ms
[2025-02-06 23:09:14] [31merror[39m: Cannot read properties of undefined (reading 'emails')
[2025-02-06 23:10:22] [32minfo[39m: Server is running on port 3030
[2025-02-06 23:10:25] [32minfo[39m: Server is running on port 3030
[2025-02-06 23:10:53] [31merror[39m: Error: $
[2025-02-06 23:10:53] [36mhttp[39m: GET /api/users/auth/google/callback?code=4%2F0ASVgi3L7xzNfLHcBzpIUm9ybvX3t2y344_VF_OEIC1ltviMlNRpqeqKeSmBPyd1G_--PQw&scope=email+profile+openid+https%3A%2F%2Fwww.googleapis.com%2Fauth%2Fuserinfo.email+https%3A%2F%2Fwww.googleapis.com%2Fauth%2Fuserinfo.profile&authuser=0&prompt=none 500 111.587 ms
[2025-02-06 23:11:06] [32minfo[39m: Server is running on port 3030
[2025-02-06 23:11:19] [36mhttp[39m: GET /api/users/auth/google 302 3.002 ms
[2025-02-06 23:11:20] [36mhttp[39m: GET /api/users/auth/google 302 1.085 ms
[2025-02-06 23:14:26] [32minfo[39m: Server is running on port 3030
[2025-02-06 23:14:27] [32minfo[39m: Server is running on port 3030
[2025-02-06 23:15:21] [36mhttp[39m: GET /api/users/auth/google 302 2.689 ms
[2025-02-06 23:15:52] [36mhttp[39m: GET /api/users/auth/google 302 1.010 ms
[2025-02-06 23:15:54] [36mhttp[39m: GET /api/users/auth/google 302 0.705 ms
[2025-02-06 23:18:19] [32minfo[39m: Server is running on port 3030
[2025-02-06 23:18:26] [36mhttp[39m: GET /api/users/auth/google 302 4.094 ms
[2025-02-06 23:18:27] [36mhttp[39m: GET /api/users/auth/google 302 1.055 ms
[2025-02-06 23:18:29] [31merror[39m: Error: $
[2025-02-06 23:18:29] [36mhttp[39m: GET /api/users/auth/google/callback?code=4%2F0ASVgi3IU0mbzx95v0eynOxZh-KapUm-qKSmxhZjG8a2Q44kXSkk4CuO7RBegSgIIsFqcog&scope=email+profile+https%3A%2F%2Fwww.googleapis.com%2Fauth%2Fuserinfo.email+https%3A%2F%2Fwww.googleapis.com%2Fauth%2Fuserinfo.profile+openid&authuser=1&prompt=none 500 273.831 ms
[2025-02-06 23:19:47] [32minfo[39m: Server is running on port 3030
[2025-02-06 23:19:49] [32minfo[39m: Server is running on port 3030
[2025-02-06 23:21:17] [32minfo[39m: Server is running on port 3030
[2025-02-06 23:21:27] [32minfo[39m: Server is running on port 3030
[2025-02-06 23:21:31] [32minfo[39m: Server is running on port 3030
[2025-02-06 23:21:34] [32minfo[39m: Server is running on port 3030
[2025-02-06 23:21:36] [32minfo[39m: Server is running on port 3030
[2025-02-06 23:21:37] [32minfo[39m: Server is running on port 3030
[2025-02-06 23:21:44] [32minfo[39m: Server is running on port 3030
[2025-02-06 23:21:45] [32minfo[39m: Server is running on port 3030
[2025-02-06 23:21:54] [36mhttp[39m: GET /api/users/auth/google 302 2.700 ms
[2025-02-06 23:21:54] [36mhttp[39m: GET /api/users/auth/google 302 1.094 ms
[2025-02-06 23:21:57] [31merror[39m: Error: $
[2025-02-06 23:21:57] [36mhttp[39m: GET /api/users/auth/google/callback?code=4%2F0ASVgi3KQkTb21Ujr0bkgEWazvmZMyuFo4Uz1je38saTkZ1YChtxqTZjIyAOSaaEft6yfdQ&scope=email+profile+openid+https%3A%2F%2Fwww.googleapis.com%2Fauth%2Fuserinfo.email+https%3A%2F%2Fwww.googleapis.com%2Fauth%2Fuserinfo.profile&authuser=1&prompt=none 500 256.951 ms
[2025-02-06 23:22:22] [32minfo[39m: Server is running on port 3030
[2025-02-06 23:23:52] [32minfo[39m: Server is running on port 3030
[2025-02-06 23:24:12] [32minfo[39m: Server is running on port 3030
[2025-02-06 23:24:18] [36mhttp[39m: GET /api/users/auth/google 302 2.947 ms
[2025-02-06 23:24:18] [36mhttp[39m: GET /api/users/auth/google 302 0.763 ms
[2025-02-06 23:24:21] [31merror[39m: Error: $
[2025-02-06 23:24:21] [36mhttp[39m: GET /api/users/auth/google/callback?code=4%2F0ASVgi3KAGlhH6avGgBpVc5EqC6sEXT7rnTk1oHTTFJASZxoKsBvziLO-yOZQbrcp794CUg&scope=email+profile+openid+https%3A%2F%2Fwww.googleapis.com%2Fauth%2Fuserinfo.email+https%3A%2F%2Fwww.googleapis.com%2Fauth%2Fuserinfo.profile&authuser=1&prompt=none 500 249.164 ms
[2025-02-06 23:26:54] [32minfo[39m: Server is running on port 3030
[2025-02-06 23:26:57] [32minfo[39m: Server is running on port 3030
[2025-02-06 23:27:10] [32minfo[39m: Server is running on port 3030
[2025-02-06 23:27:12] [32minfo[39m: Server is running on port 3030
[2025-02-06 23:27:14] [32minfo[39m: Server is running on port 3030
[2025-02-06 23:27:36] [36mhttp[39m: GET /api/users/auth/google 302 5.002 ms
[2025-02-06 23:27:37] [36mhttp[39m: GET /api/users/auth/google 302 0.817 ms
[2025-02-06 23:27:40] [31merror[39m: Error: $
[2025-02-06 23:27:40] [36mhttp[39m: GET /api/users/auth/google/callback?code=4%2F0ASVgi3IZDNYOuYaVL96FCGZkAeUbg-9Cu4SgzrIjn2jSuGkGgRyyYNfKV9NHDcevbfY3YQ&scope=email+profile+https%3A%2F%2Fwww.googleapis.com%2Fauth%2Fuserinfo.email+https%3A%2F%2Fwww.googleapis.com%2Fauth%2Fuserinfo.profile+openid&authuser=1&prompt=none 500 266.225 ms
[2025-02-06 23:31:40] [32minfo[39m: Server is running on port 3030
[2025-02-06 23:31:44] [32minfo[39m: Server is running on port 3030
[2025-02-06 23:31:46] [32minfo[39m: Server is running on port 3030
[2025-02-06 23:31:50] [32minfo[39m: Server is running on port 3030
[2025-02-06 23:32:07] [36mhttp[39m: GET /api/users/auth/google 302 11.894 ms
[2025-02-06 23:32:08] [36mhttp[39m: GET /api/users/auth/google 302 1.109 ms
[2025-02-06 23:32:10] [36mhttp[39m: GET /api/users/auth/google/callback?code=4%2F0ASVgi3L7ZCz4lEQmI59WNqYPahIYN3Cqams9P78dQvh6PlmAAvWF46sr24AfZHdL0tgSFw&scope=email+profile+openid+https%3A%2F%2Fwww.googleapis.com%2Fauth%2Fuserinfo.email+https%3A%2F%2Fwww.googleapis.com%2Fauth%2Fuserinfo.profile&authuser=1&prompt=none 200 272.005 ms
[2025-02-07 00:25:28] [32minfo[39m: Server is running on port 3030
[2025-02-07 00:25:47] [36mhttp[39m: GET /api/users/guest 404 5.740 ms
[2025-02-07 00:26:41] [32minfo[39m: Server is running on port 3030
[2025-02-07 00:26:53] [32minfo[39m: Server is running on port 3030
[2025-02-07 00:27:00] [32minfo[39m: Server is running on port 3030
[2025-02-07 00:27:03] [32minfo[39m: Server is running on port 3030
[2025-02-07 00:27:32] [36mhttp[39m: GET /api/users/guest 404 3.898 ms
[2025-02-07 00:27:42] [36mhttp[39m: GET /api/users/guest 404 1.416 ms
[2025-02-07 00:28:47] [36mhttp[39m: POST /api/users/guest 200 8.129 ms
[2025-02-07 00:29:36] [32minfo[39m: Server is running on port 3030
[2025-02-07 00:29:42] [36mhttp[39m: GET /api/users/guest 200 5.096 ms
[2025-02-07 00:29:47] [36mhttp[39m: GET /api/users/guest 200 3.176 ms
[2025-02-11 18:19:14] [32minfo[39m: Server is running on port 3030
[2025-02-11 18:23:18] [32minfo[39m: Server is running on port 3030
[2025-02-11 18:23:24] [32minfo[39m: Server is running on port 3030
[2025-02-11 18:23:43] [32minfo[39m: Server is running on port 3030
[2025-02-11 18:23:45] [32minfo[39m: Server is running on port 3030
[2025-02-11 18:23:46] [32minfo[39m: Server is running on port 3030
[2025-02-11 18:23:48] [32minfo[39m: Server is running on port 3030
[2025-02-11 18:23:50] [32minfo[39m: Server is running on port 3030
[2025-02-11 18:23:55] [32minfo[39m: Server is running on port 3030
[2025-02-11 18:24:21] [36mhttp[39m: POST /api/lessons/generate-lesson 400 16.345 ms
[2025-02-11 18:25:05] [32minfo[39m: Server is running on port 3030
[2025-02-11 18:25:06] [36mhttp[39m: POST /api/lessons/generate-lesson 400 15.261 ms
[2025-02-11 18:25:54] [32minfo[39m: Server is running on port 3030
[2025-02-11 18:25:59] [32minfo[39m: Server is running on port 3030
[2025-02-11 18:26:11] [32minfo[39m: Server is running on port 3030
[2025-02-11 18:26:19] [32minfo[39m: Server is running on port 3030
[2025-02-11 18:26:22] [32minfo[39m: Server is running on port 3030
[2025-02-11 18:26:25] [32minfo[39m: Server is running on port 3030
[2025-02-11 18:26:26] [32minfo[39m: Server is running on port 3030
[2025-02-11 18:26:32] [32minfo[39m: Server is running on port 3030
[2025-02-11 18:26:46] [36mhttp[39m: POST /api/lessons/generate-lesson 400 16.437 ms
[2025-02-11 18:26:58] [36mhttp[39m: POST /api/lessons/generate-lesson 400 3.775 ms
[2025-02-11 18:27:28] [32minfo[39m: Server is running on port 3030
[2025-02-11 18:27:33] [36mhttp[39m: POST /api/lessons/generate-lesson 400 16.510 ms
[2025-02-11 18:28:01] [32minfo[39m: Server is running on port 3030
[2025-02-11 18:28:03] [32minfo[39m: Server is running on port 3030
[2025-02-11 18:28:41] [32minfo[39m: Server is running on port 3030
[2025-02-11 18:28:48] [32minfo[39m: Lesson generation request received
[2025-02-11 18:28:48] [36mhttp[39m: POST /api/lessons/generate-lesson 200 20.134 ms
[2025-02-11 18:29:47] [32minfo[39m: Lesson generation request received
[2025-02-11 18:29:47] [36mhttp[39m: POST /api/lessons/generate-lesson 200 8.944 ms
[2025-02-11 18:30:58] [32minfo[39m: Server is running on port 3030
[2025-02-11 18:31:46] [31merror[39m: Error: $
[2025-02-11 18:31:46] [36mhttp[39m: POST /api/lessons/generate-lesson 500 19.633 ms
[2025-02-11 18:31:50] [32minfo[39m: Lesson generation request received
[2025-02-11 18:31:50] [36mhttp[39m: POST /api/lessons/generate-lesson 200 8.447 ms
[2025-02-11 18:32:05] [32minfo[39m: Server is running on port 3030
[2025-02-11 18:32:06] [32minfo[39m: Lesson generation request received
[2025-02-11 18:32:06] [36mhttp[39m: POST /api/lessons/generate-lesson 200 16.561 ms
[2025-02-11 18:32:07] [32minfo[39m: Lesson generation request received
[2025-02-11 18:32:07] [36mhttp[39m: POST /api/lessons/generate-lesson 200 4.049 ms
[2025-02-11 18:35:03] [32minfo[39m: Server is running on port 3030
[2025-02-11 18:35:04] [32minfo[39m: Lesson generation request received
[2025-02-11 18:35:04] [36mhttp[39m: POST /api/lessons/generate-lesson 200 16.810 ms
[2025-02-11 18:37:31] [32minfo[39m: Server is running on port 3030
[2025-02-11 18:37:32] [36mhttp[39m: POST /api/lessons/generate-lesson 200 14.213 ms
[2025-02-11 18:39:43] [32minfo[39m: Server is running on port 3030
[2025-02-11 18:39:46] [32minfo[39m: Server is running on port 3030
[2025-02-11 18:39:57] [32minfo[39m: Server is running on port 3030
[2025-02-11 18:39:59] [32minfo[39m: Server is running on port 3030
[2025-02-11 18:40:02] [32minfo[39m: Server is running on port 3030
[2025-02-11 18:40:06] [32minfo[39m: Server is running on port 3030
[2025-02-11 18:40:08] [32minfo[39m: Server is running on port 3030
[2025-02-11 18:40:09] [32minfo[39m: Server is running on port 3030
[2025-02-11 18:40:12] [36mhttp[39m: POST /api/lessons/generate-lesson 200 18.573 ms
[2025-02-11 18:42:18] [32minfo[39m: Server is running on port 3030
[2025-02-11 18:42:33] [32minfo[39m: Server is running on port 3030
[2025-02-11 18:42:36] [36mhttp[39m: POST /api/lessons/generate-lesson 200 16.667 ms
[2025-02-11 18:42:50] [36mhttp[39m: POST /api/lessons/generate-lesson 200 3.999 ms
[2025-02-11 18:43:17] [36mhttp[39m: POST /api/lessons/generate-lesson 200 3.848 ms
[2025-02-11 18:44:42] [32minfo[39m: Server is running on port 3030
[2025-02-11 18:44:46] [36mhttp[39m: POST /api/lessons/generate-lesson 200 15.706 ms
[2025-02-11 18:45:47] [32minfo[39m: Server is running on port 3030
[2025-02-11 18:45:48] [32minfo[39m: Server is running on port 3030
[2025-02-11 18:45:49] [36mhttp[39m: POST /api/lessons/generate-lesson 200 13.116 ms
[2025-02-11 18:46:38] [32minfo[39m: Server is running on port 3030
[2025-02-11 18:46:55] [32minfo[39m: Server is running on port 3030
[2025-02-11 18:46:59] [36mhttp[39m: POST /api/lessons/generate-lesson 200 15.057 ms
[2025-02-11 19:48:38] [32minfo[39m: Server is running on port 3030
[2025-02-11 19:48:39] [32minfo[39m: Server is running on port 3030
[2025-02-11 19:48:41] [36mhttp[39m: POST /api/lessons/generate-lesson 404 13.759 ms
[2025-02-11 19:49:36] [32minfo[39m: Server is running on port 3030
[2025-02-11 19:49:40] [36mhttp[39m: POST /api/lessons/generate-lesson 200 14.336 ms
[2025-02-11 19:50:26] [32minfo[39m: Server is running on port 3030
[2025-02-11 19:50:33] [32minfo[39m: Server is running on port 3030
[2025-02-11 19:50:50] [32minfo[39m: Server is running on port 3030
[2025-02-11 19:50:57] [32minfo[39m: Server is running on port 3030
[2025-02-11 19:50:58] [36mhttp[39m: POST /api/lessons/generate-lesson 200 15.827 ms
[2025-02-11 19:51:45] [32minfo[39m: Server is running on port 3030
[2025-02-11 19:51:46] [32minfo[39m: Server is running on port 3030
[2025-02-11 19:51:48] [32minfo[39m: Server is running on port 3030
[2025-02-11 19:51:51] [32minfo[39m: Server is running on port 3030
[2025-02-11 19:51:53] [32minfo[39m: Server is running on port 3030
[2025-02-11 19:51:59] [32minfo[39m: Server is running on port 3030
[2025-02-11 19:52:02] [32minfo[39m: Server is running on port 3030
[2025-02-11 19:52:20] [36mhttp[39m: POST /api/lessons/generate-lesson 200 17.488 ms
[2025-02-11 19:52:37] [32minfo[39m: Server is running on port 3030
[2025-02-11 19:52:57] [32minfo[39m: Server is running on port 3030
[2025-02-11 19:52:59] [32minfo[39m: Server is running on port 3030
[2025-02-11 19:53:06] [36mhttp[39m: POST /api/lessons/generate-lesson 200 14.200 ms
[2025-02-11 19:53:26] [32minfo[39m: Server is running on port 3030
[2025-02-11 19:53:34] [36mhttp[39m: POST /api/lessons/generate-lesson 200 4769.114 ms
[2025-02-11 20:17:15] [32minfo[39m: Server is running on port 3030
[2025-02-11 20:17:24] [32minfo[39m: Server is running on port 3030
[2025-02-11 20:17:41] [32minfo[39m: Server is running on port 3030
[2025-02-11 20:17:52] [32minfo[39m: Server is running on port 3030
[2025-02-11 20:18:05] [32minfo[39m: Server is running on port 3030
[2025-02-11 20:18:20] [32minfo[39m: Server is running on port 3030
[2025-02-11 20:18:26] [36mhttp[39m: POST /api/lessons/generate-lesson 200 15.308 ms
[2025-02-11 20:19:44] [32minfo[39m: Server is running on port 3030
[2025-02-11 20:19:48] [32minfo[39m: Server is running on port 3030
[2025-02-11 20:20:19] [32minfo[39m: Server is running on port 3030
[2025-02-11 20:20:20] [32minfo[39m: Server is running on port 3030
[2025-02-11 20:20:48] [32minfo[39m: Server is running on port 3030
[2025-02-11 20:20:49] [32minfo[39m: Server is running on port 3030
[2025-02-11 20:20:51] [32minfo[39m: Server is running on port 3030
[2025-02-11 20:21:04] [32minfo[39m: Server is running on port 3030
[2025-02-11 20:21:12] [32minfo[39m: Server is running on port 3030
[2025-02-11 20:21:41] [32minfo[39m: Server is running on port 3030
[2025-02-11 20:21:43] [32minfo[39m: Server is running on port 3030
[2025-02-11 20:21:48] [32minfo[39m: Server is running on port 3030
[2025-02-11 20:21:55] [32minfo[39m: Server is running on port 3030
[2025-02-11 20:21:56] [32minfo[39m: Server is running on port 3030
[2025-02-11 20:22:08] [32minfo[39m: Server is running on port 3030
[2025-02-11 20:22:18] [36mhttp[39m: POST /api/lessons/generate-lesson 200 3259.325 ms
[2025-02-11 23:19:23] [36mhttp[39m: POST /api/lessons/generate-lesson 200 3901.079 ms
[2025-02-11 23:20:32] [32minfo[39m: Server is running on port 3030
[2025-02-11 23:20:36] [32minfo[39m: Server is running on port 3030
[2025-02-11 23:20:39] [32minfo[39m: Server is running on port 3030
[2025-02-11 23:20:41] [32minfo[39m: Server is running on port 3030
[2025-02-11 23:20:43] [32minfo[39m: Server is running on port 3030
[2025-02-11 23:20:47] [32minfo[39m: Server is running on port 3030
[2025-02-11 23:20:51] [32minfo[39m: Server is running on port 3030
[2025-02-11 23:20:54] [32minfo[39m: Server is running on port 3030
[2025-02-11 23:20:59] [32minfo[39m: Server is running on port 3030
[2025-02-11 23:21:02] [32minfo[39m: Server is running on port 3030
[2025-02-11 23:21:07] [32minfo[39m: Server is running on port 3030
[2025-02-11 23:21:08] [32minfo[39m: Server is running on port 3030
[2025-02-11 23:21:13] [32minfo[39m: Server is running on port 3030
[2025-02-11 23:21:16] [32minfo[39m: Server is running on port 3030
[2025-02-11 23:21:18] [32minfo[39m: Server is running on port 3030
[2025-02-11 23:21:30] [32minfo[39m: Server is running on port 3030
[2025-02-11 23:21:32] [32minfo[39m: Server is running on port 3030
[2025-02-11 23:21:34] [32minfo[39m: Server is running on port 3030
[2025-02-11 23:21:38] [32minfo[39m: Server is running on port 3030
[2025-02-11 23:21:41] [32minfo[39m: Server is running on port 3030
[2025-02-11 23:21:44] [32minfo[39m: Server is running on port 3030
[2025-02-11 23:21:47] [32minfo[39m: Server is running on port 3030
[2025-02-11 23:21:51] [32minfo[39m: Server is running on port 3030
[2025-02-11 23:21:54] [32minfo[39m: Server is running on port 3030
[2025-02-11 23:22:04] [32minfo[39m: Server is running on port 3030
[2025-02-11 23:22:07] [32minfo[39m: Server is running on port 3030
[2025-02-11 23:22:13] [36mhttp[39m: POST /api/lessons/generate-lesson 200 3924.329 ms
[2025-02-11 23:23:30] [32minfo[39m: Server is running on port 3030
[2025-02-11 23:23:33] [32minfo[39m: Server is running on port 3030
[2025-02-11 23:23:35] [32minfo[39m: Server is running on port 3030
[2025-02-11 23:23:41] [36mhttp[39m: POST /api/lessons/generate-lesson 200 4851.321 ms
[2025-02-11 23:29:09] [32minfo[39m: Server is running on port 3030
[2025-02-11 23:29:21] [36mhttp[39m: POST /api/lessons/generate-lesson 200 3915.862 ms
[2025-02-11 23:32:19] [32minfo[39m: Server is running on port 3030
[2025-02-11 23:32:24] [32minfo[39m: Server is running on port 3030
[2025-02-11 23:32:26] [32minfo[39m: Server is running on port 3030
[2025-02-11 23:32:29] [36mhttp[39m: POST /api/lessons/generate-lesson 200 14.358 ms
[2025-02-11 23:32:49] [32minfo[39m: Server is running on port 3030
[2025-02-11 23:32:50] [32minfo[39m: Server is running on port 3030
[2025-02-11 23:32:52] [32minfo[39m: Server is running on port 3030
[2025-02-11 23:32:55] [32minfo[39m: Server is running on port 3030
[2025-02-11 23:32:57] [32minfo[39m: Server is running on port 3030
[2025-02-11 23:32:59] [36mhttp[39m: POST /api/lessons/generate-lesson 200 637.669 ms
[2025-02-11 23:36:10] [32minfo[39m: Server is running on port 3030
[2025-02-11 23:36:18] [32minfo[39m: Lesson generation request received
[2025-02-11 23:36:18] [36mhttp[39m: POST /api/lessons/generate-lesson 200 1884.847 ms
[2025-02-11 23:37:12] [32minfo[39m: Server is running on port 3030
[2025-02-11 23:37:13] [32minfo[39m: Server is running on port 3030
[2025-02-11 23:37:15] [32minfo[39m: Server is running on port 3030
[2025-02-11 23:37:16] [32minfo[39m: Server is running on port 3030
[2025-02-11 23:37:18] [32minfo[39m: Server is running on port 3030
[2025-02-11 23:37:20] [32minfo[39m: Server is running on port 3030
[2025-02-11 23:37:21] [32minfo[39m: Server is running on port 3030
[2025-02-11 23:37:23] [32minfo[39m: Server is running on port 3030
[2025-02-11 23:37:27] [32minfo[39m: Server is running on port 3030
[2025-02-11 23:37:29] [32minfo[39m: Server is running on port 3030
[2025-02-11 23:37:40] [32minfo[39m: Server is running on port 3030
[2025-02-11 23:37:43] [32minfo[39m: Server is running on port 3030
[2025-02-11 23:37:54] [32minfo[39m: Server is running on port 3030
[2025-02-11 23:37:55] [32minfo[39m: Server is running on port 3030
[2025-02-11 23:37:57] [32minfo[39m: Server is running on port 3030
[2025-02-11 23:38:00] [32minfo[39m: Server is running on port 3030
[2025-02-11 23:38:01] [32minfo[39m: Server is running on port 3030
[2025-02-11 23:38:03] [32minfo[39m: Server is running on port 3030
[2025-02-11 23:38:05] [32minfo[39m: Server is running on port 3030
[2025-02-11 23:38:06] [32minfo[39m: Server is running on port 3030
[2025-02-11 23:38:12] [32minfo[39m: Server is running on port 3030
[2025-02-11 23:38:15] [32minfo[39m: Server is running on port 3030
[2025-02-11 23:38:17] [32minfo[39m: Server is running on port 3030
[2025-02-11 23:38:18] [32minfo[39m: Server is running on port 3030
[2025-02-11 23:38:22] [32minfo[39m: Server is running on port 3030
[2025-02-11 23:38:23] [32minfo[39m: Server is running on port 3030
[2025-02-11 23:38:24] [32minfo[39m: Server is running on port 3030
[2025-02-11 23:38:32] [32minfo[39m: Server is running on port 3030
[2025-02-11 23:38:34] [32minfo[39m: Server is running on port 3030
[2025-02-11 23:38:37] [32minfo[39m: Server is running on port 3030
[2025-02-11 23:38:39] [32minfo[39m: Server is running on port 3030
[2025-02-11 23:38:40] [32minfo[39m: Server is running on port 3030
[2025-02-11 23:38:44] [32minfo[39m: Server is running on port 3030
[2025-02-11 23:38:47] [32minfo[39m: Server is running on port 3030
[2025-02-11 23:38:48] [32minfo[39m: Server is running on port 3030
[2025-02-11 23:39:11] [32minfo[39m: Lesson generation request received
[2025-02-11 23:39:11] [36mhttp[39m: POST /api/lessons/generate-lesson 200 4371.955 ms
[2025-02-11 23:39:56] [32minfo[39m: Server is running on port 3030
[2025-02-11 23:39:56] [32minfo[39m: Server is running on port 3030
[2025-02-11 23:40:14] [32minfo[39m: Lesson generation request received
[2025-02-11 23:40:14] [36mhttp[39m: POST /api/lessons/generate-lesson 200 4472.917 ms
[2025-02-11 23:40:50] [32minfo[39m: Server is running on port 3030
[2025-02-11 23:40:55] [32minfo[39m: Server is running on port 3030
[2025-02-11 23:40:57] [32minfo[39m: Server is running on port 3030
[2025-02-11 23:40:59] [32minfo[39m: Server is running on port 3030
[2025-02-11 23:41:02] [32minfo[39m: Server is running on port 3030
[2025-02-11 23:41:07] [32minfo[39m: Server is running on port 3030
[2025-02-11 23:41:10] [32minfo[39m: Server is running on port 3030
[2025-02-11 23:41:23] [32minfo[39m: Server is running on port 3030
[2025-02-11 23:41:26] [32minfo[39m: Server is running on port 3030
[2025-02-11 23:41:31] [32minfo[39m: Server is running on port 3030
[2025-02-11 23:41:34] [32minfo[39m: Server is running on port 3030
[2025-02-11 23:41:38] [32minfo[39m: Server is running on port 3030
[2025-02-11 23:41:42] [32minfo[39m: Server is running on port 3030
[2025-02-11 23:41:46] [32minfo[39m: Server is running on port 3030
[2025-02-11 23:41:49] [32minfo[39m: Server is running on port 3030
[2025-02-11 23:41:56] [32minfo[39m: Server is running on port 3030
[2025-02-11 23:41:57] [32minfo[39m: Server is running on port 3030
[2025-02-11 23:41:58] [32minfo[39m: Server is running on port 3030
[2025-02-11 23:42:11] [32minfo[39m: Server is running on port 3030
[2025-02-11 23:42:15] [32minfo[39m: Server is running on port 3030
[2025-02-11 23:42:17] [32minfo[39m: Server is running on port 3030
[2025-02-11 23:42:19] [32minfo[39m: Server is running on port 3030
[2025-02-11 23:42:24] [32minfo[39m: Server is running on port 3030
[2025-02-11 23:42:32] [32minfo[39m: Server is running on port 3030
[2025-02-11 23:42:39] [32minfo[39m: Server is running on port 3030
[2025-02-11 23:42:43] [32minfo[39m: Server is running on port 3030
[2025-02-11 23:42:45] [32minfo[39m: Server is running on port 3030
[2025-02-11 23:42:50] [32minfo[39m: Server is running on port 3030
[2025-02-11 23:42:53] [32minfo[39m: Server is running on port 3030
[2025-02-11 23:42:59] [32minfo[39m: Server is running on port 3030
[2025-02-11 23:43:09] [32minfo[39m: Server is running on port 3030
[2025-02-11 23:43:15] [32minfo[39m: Server is running on port 3030
[2025-02-11 23:43:22] [32minfo[39m: Lesson generation request received
[2025-02-11 23:43:22] [36mhttp[39m: POST /api/lessons/generate-lesson 200 2760.079 ms
[2025-02-11 23:44:17] [32minfo[39m: Server is running on port 3030
[2025-02-11 23:44:18] [32minfo[39m: Server is running on port 3030
[2025-02-11 23:44:20] [32minfo[39m: Server is running on port 3030
[2025-02-11 23:44:22] [32minfo[39m: Server is running on port 3030
[2025-02-11 23:44:29] [32minfo[39m: Lesson generation request received
[2025-02-11 23:44:29] [36mhttp[39m: POST /api/lessons/generate-lesson 200 3813.860 ms
[2025-02-11 23:49:06] [32minfo[39m: Server is running on port 3030
[2025-02-11 23:49:08] [32minfo[39m: Server is running on port 3030
[2025-02-11 23:49:24] [32minfo[39m: Server is running on port 3030
[2025-02-11 23:49:28] [32minfo[39m: Lesson generation request received
[2025-02-11 23:49:28] [36mhttp[39m: POST /api/lessons/generate-lesson 200 17.251 ms
[2025-02-11 23:49:38] [32minfo[39m: Server is running on port 3030
[2025-02-11 23:49:39] [32minfo[39m: Server is running on port 3030
[2025-02-11 23:49:40] [32minfo[39m: Server is running on port 3030
[2025-02-11 23:49:42] [32minfo[39m: Lesson generation request received
[2025-02-11 23:49:42] [36mhttp[39m: POST /api/lessons/generate-lesson 200 15.724 ms
[2025-02-11 23:49:48] [32minfo[39m: Server is running on port 3030
[2025-02-11 23:52:49] [32minfo[39m: Server is running on port 3030
[2025-02-11 23:52:51] [32minfo[39m: Lesson generation request received
[2025-02-11 23:52:51] [36mhttp[39m: POST /api/lessons/generate-lesson 200 15.920 ms
[2025-02-11 23:54:25] [32minfo[39m: Server is running on port 3030
[2025-02-11 23:54:26] [32minfo[39m: Lesson generation request received
[2025-02-11 23:54:26] [36mhttp[39m: POST /api/lessons/generate-lesson 200 16.283 ms
[2025-02-11 23:55:12] [32minfo[39m: Server is running on port 3030
[2025-02-11 23:56:39] [32minfo[39m: Server is running on port 3030
[2025-02-11 23:56:44] [32minfo[39m: Lesson generation request received
[2025-02-11 23:56:44] [36mhttp[39m: POST /api/lessons/generate-lesson 200 14.905 ms
[2025-02-11 23:58:44] [32minfo[39m: Server is running on port 3030
[2025-02-11 23:58:45] [32minfo[39m: Lesson generation request received
[2025-02-11 23:58:45] [36mhttp[39m: POST /api/lessons/generate-lesson 200 13.083 ms
[2025-02-11 23:59:30] [32minfo[39m: Server is running on port 3030
[2025-02-12 00:00:02] [32minfo[39m: Lesson generation request received
[2025-02-12 00:00:02] [36mhttp[39m: POST /api/lessons/generate-lesson 200 14.898 ms
[2025-02-12 00:00:20] [32minfo[39m: Lesson generation request received
[2025-02-12 00:00:20] [36mhttp[39m: POST /api/lessons/generate-lesson 200 2.989 ms
[2025-02-12 00:00:21] [32minfo[39m: Lesson generation request received
[2025-02-12 00:00:21] [36mhttp[39m: POST /api/lessons/generate-lesson 200 0.923 ms
[2025-02-12 00:01:04] [32minfo[39m: Server is running on port 3030
[2025-02-12 00:01:07] [32minfo[39m: Lesson generation request received
[2025-02-12 00:01:07] [36mhttp[39m: POST /api/lessons/generate-lesson 200 15.814 ms
[2025-02-12 00:02:54] [32minfo[39m: Server is running on port 3030
[2025-02-12 00:02:58] [32minfo[39m: Lesson generation request received
[2025-02-12 00:02:58] [36mhttp[39m: POST /api/lessons/generate-lesson 200 15.324 ms
[2025-02-12 00:04:32] [32minfo[39m: Server is running on port 3030
[2025-02-12 00:04:35] [32minfo[39m: Lesson generation request received
[2025-02-12 00:04:35] [36mhttp[39m: POST /api/lessons/generate-lesson 200 13.731 ms
[2025-02-12 00:04:53] [32minfo[39m: Server is running on port 3030
[2025-02-12 00:05:05] [32minfo[39m: Server is running on port 3030
[2025-02-12 00:05:07] [32minfo[39m: Server is running on port 3030
[2025-02-12 00:05:44] [32minfo[39m: Lesson generation request received
[2025-02-12 00:05:44] [36mhttp[39m: POST /api/lessons/generate-lesson 200 16.065 ms
[2025-02-12 00:06:00] [32minfo[39m: Server is running on port 3030
[2025-02-12 00:06:01] [32minfo[39m: Lesson generation request received
[2025-02-12 00:06:01] [36mhttp[39m: POST /api/lessons/generate-lesson 200 13.800 ms
[2025-02-12 00:06:12] [32minfo[39m: Server is running on port 3030
[2025-02-12 00:06:16] [32minfo[39m: Lesson generation request received
[2025-02-12 00:06:16] [36mhttp[39m: POST /api/lessons/generate-lesson 200 15.319 ms
[2025-02-12 00:07:20] [32minfo[39m: Server is running on port 3030
[2025-02-12 00:07:22] [36mhttp[39m: POST /api/lessons/generate-lesson 400 15.148 ms
[2025-02-12 00:07:28] [32minfo[39m: Lesson generation request received
[2025-02-12 00:07:28] [36mhttp[39m: POST /api/lessons/generate-lesson 200 5.958 ms
[2025-02-12 00:09:00] [32minfo[39m: Server is running on port 3030
[2025-02-12 00:09:03] [32minfo[39m: Lesson generation request received
[2025-02-12 00:09:03] [36mhttp[39m: POST /api/lessons/generate-lesson 200 17.927 ms
[2025-02-12 00:09:51] [32minfo[39m: Server is running on port 3030
[2025-02-12 00:09:54] [32minfo[39m: Lesson generation request received
[2025-02-12 00:09:54] [36mhttp[39m: POST /api/lessons/generate-lesson 200 18.760 ms
[2025-02-12 00:10:17] [32minfo[39m: Server is running on port 3030
[2025-02-12 00:10:26] [32minfo[39m: Server is running on port 3030
[2025-02-12 00:10:30] [32minfo[39m: Server is running on port 3030
[2025-02-12 00:10:57] [32minfo[39m: Server is running on port 3030
[2025-02-12 00:11:03] [32minfo[39m: Server is running on port 3030
[2025-02-12 00:11:06] [32minfo[39m: Server is running on port 3030
[2025-02-12 00:11:13] [32minfo[39m: Server is running on port 3030
[2025-02-12 00:11:15] [32minfo[39m: Server is running on port 3030
[2025-02-12 00:11:27] [32minfo[39m: Server is running on port 3030
[2025-02-12 00:11:41] [32minfo[39m: Lesson generation request received
[2025-02-12 00:11:41] [36mhttp[39m: POST /api/lessons/generate-lesson 200 20.428 ms
[2025-02-12 00:12:07] [32minfo[39m: Server is running on port 3030
[2025-02-12 00:12:10] [32minfo[39m: Server is running on port 3030
[2025-02-12 00:12:13] [32minfo[39m: Lesson generation request received
[2025-02-12 00:12:13] [36mhttp[39m: POST /api/lessons/generate-lesson 200 16.490 ms
[2025-02-12 00:17:20] [32minfo[39m: Server is running on port 3030
[2025-02-12 00:17:22] [32minfo[39m: Lesson generation request received
[2025-02-12 00:17:22] [36mhttp[39m: POST /api/lessons/generate-lesson 200 14.279 ms
[2025-02-12 00:17:47] [32minfo[39m: Server is running on port 3030
[2025-02-12 00:17:59] [32minfo[39m: Lesson generation request received
[2025-02-12 00:17:59] [36mhttp[39m: POST /api/lessons/generate-lesson 200 18.941 ms
[2025-02-12 00:22:44] [32minfo[39m: Server is running on port 3030
[2025-02-12 00:22:57] [32minfo[39m: Lesson generation request received
[2025-02-12 00:22:57] [36mhttp[39m: POST /api/lessons/generate-lesson 200 20.551 ms
[2025-02-12 00:22:58] [32minfo[39m: Lesson generation request received
[2025-02-12 00:22:58] [36mhttp[39m: POST /api/lessons/generate-lesson 200 4.913 ms
[2025-02-12 00:23:53] [32minfo[39m: Server is running on port 3030
[2025-02-12 00:24:07] [32minfo[39m: Lesson generation request received
[2025-02-12 00:24:07] [36mhttp[39m: POST /api/lessons/generate-lesson 200 19.817 ms
[2025-02-12 00:24:28] [32minfo[39m: Server is running on port 3030
[2025-02-12 00:24:29] [32minfo[39m: Server is running on port 3030
[2025-02-12 00:24:31] [32minfo[39m: Server is running on port 3030
[2025-02-12 00:24:35] [32minfo[39m: Server is running on port 3030
[2025-02-12 00:24:38] [32minfo[39m: Server is running on port 3030
[2025-02-12 00:24:45] [32minfo[39m: Lesson generation request received
[2025-02-12 00:24:45] [36mhttp[39m: POST /api/lessons/generate-lesson 200 15.456 ms
[2025-02-12 00:24:58] [32minfo[39m: Server is running on port 3030
[2025-02-12 00:24:59] [32minfo[39m: Server is running on port 3030
[2025-02-12 00:26:11] [32minfo[39m: Server is running on port 3030
[2025-02-12 00:26:13] [32minfo[39m: Lesson generation request received
[2025-02-12 00:26:13] [36mhttp[39m: POST /api/lessons/generate-lesson 200 16.005 ms
[2025-02-12 00:27:36] [32minfo[39m: Server is running on port 3030
[2025-02-12 00:27:42] [32minfo[39m: Server is running on port 3030
[2025-02-12 00:27:46] [32minfo[39m: Lesson generation request received
[2025-02-12 00:27:46] [36mhttp[39m: POST /api/lessons/generate-lesson 200 2588.300 ms
[2025-02-12 00:28:24] [32minfo[39m: Server is running on port 3030
[2025-02-12 00:28:35] [32minfo[39m: Server is running on port 3030
[2025-02-12 00:28:52] [32minfo[39m: Server is running on port 3030
[2025-02-12 00:28:55] [32minfo[39m: Server is running on port 3030
[2025-02-12 00:28:59] [32minfo[39m: Lesson generation request received
[2025-02-12 00:28:59] [36mhttp[39m: POST /api/lessons/generate-lesson 200 19.900 ms
[2025-02-12 00:29:06] [32minfo[39m: Server is running on port 3030
[2025-02-12 00:30:40] [32minfo[39m: Server is running on port 3030
[2025-02-12 00:30:45] [32minfo[39m: Server is running on port 3030
[2025-02-12 00:30:49] [32minfo[39m: Server is running on port 3030
[2025-02-12 00:30:51] [32minfo[39m: Server is running on port 3030
[2025-02-12 00:30:59] [32minfo[39m: Lesson generation request received
[2025-02-12 00:30:59] [36mhttp[39m: POST /api/lessons/generate-lesson 200 17.122 ms
[2025-02-12 00:31:16] [32minfo[39m: Server is running on port 3030
[2025-02-12 00:31:17] [32minfo[39m: Server is running on port 3030
[2025-02-12 00:31:19] [32minfo[39m: Server is running on port 3030
[2025-02-12 00:31:21] [32minfo[39m: Server is running on port 3030
[2025-02-12 00:31:22] [32minfo[39m: Server is running on port 3030
[2025-02-12 00:31:24] [32minfo[39m: Server is running on port 3030
[2025-02-12 00:31:26] [32minfo[39m: Server is running on port 3030
[2025-02-12 00:31:30] [32minfo[39m: Server is running on port 3030
[2025-02-12 00:31:32] [32minfo[39m: Server is running on port 3030
[2025-02-12 00:31:33] [32minfo[39m: Lesson generation request received
[2025-02-12 00:31:33] [36mhttp[39m: POST /api/lessons/generate-lesson 200 19.482 ms
[2025-02-12 00:31:37] [32minfo[39m: Server is running on port 3030
[2025-02-12 00:31:40] [32minfo[39m: Server is running on port 3030
[2025-02-12 00:31:42] [32minfo[39m: Lesson generation request received
[2025-02-12 00:31:42] [36mhttp[39m: POST /api/lessons/generate-lesson 200 25.911 ms
[2025-02-12 00:31:57] [32minfo[39m: Server is running on port 3030
[2025-02-12 00:31:58] [32minfo[39m: Server is running on port 3030
[2025-02-12 00:31:59] [32minfo[39m: Server is running on port 3030
[2025-02-12 00:32:03] [32minfo[39m: Lesson generation request received
[2025-02-12 00:32:03] [36mhttp[39m: POST /api/lessons/generate-lesson 200 20.075 ms
[2025-02-12 00:32:10] [32minfo[39m: Server is running on port 3030
[2025-02-12 00:32:11] [32minfo[39m: Server is running on port 3030
[2025-02-12 00:32:12] [32minfo[39m: Server is running on port 3030
[2025-02-12 00:32:13] [32minfo[39m: Server is running on port 3030
[2025-02-12 00:32:15] [32minfo[39m: Server is running on port 3030
[2025-02-12 00:32:16] [32minfo[39m: Lesson generation request received
[2025-02-12 00:32:16] [36mhttp[39m: POST /api/lessons/generate-lesson 200 17.137 ms
[2025-02-12 00:32:28] [32minfo[39m: Server is running on port 3030
[2025-02-12 00:32:32] [32minfo[39m: Server is running on port 3030
[2025-02-12 00:32:33] [32minfo[39m: Lesson generation request received
[2025-02-12 00:32:33] [36mhttp[39m: POST /api/lessons/generate-lesson 200 18.347 ms
[2025-02-12 00:32:39] [32minfo[39m: Server is running on port 3030
[2025-02-12 00:32:40] [32minfo[39m: Server is running on port 3030
[2025-02-12 00:32:42] [32minfo[39m: Server is running on port 3030
[2025-02-12 00:32:47] [32minfo[39m: Lesson generation request received
[2025-02-12 00:32:47] [36mhttp[39m: POST /api/lessons/generate-lesson 200 24.845 ms
[2025-02-12 00:34:20] [32minfo[39m: Server is running on port 3030
[2025-02-12 00:34:22] [32minfo[39m: Server is running on port 3030
[2025-02-12 00:34:29] [32minfo[39m: Server is running on port 3030
[2025-02-12 00:34:31] [32minfo[39m: Lesson generation request received
[2025-02-12 00:34:31] [36mhttp[39m: POST /api/lessons/generate-lesson 200 16.527 ms
[2025-02-12 00:34:38] [32minfo[39m: Server is running on port 3030
[2025-02-12 00:34:39] [32minfo[39m: Lesson generation request received
[2025-02-12 00:34:39] [36mhttp[39m: POST /api/lessons/generate-lesson 200 16.253 ms
[2025-02-12 00:34:54] [32minfo[39m: Server is running on port 3030
[2025-02-12 00:35:00] [32minfo[39m: Lesson generation request received
[2025-02-12 00:35:00] [36mhttp[39m: POST /api/lessons/generate-lesson 200 17.215 ms
[2025-02-12 00:35:14] [32minfo[39m: Server is running on port 3030
[2025-02-12 00:35:15] [32minfo[39m: Server is running on port 3030
[2025-02-12 00:35:17] [32minfo[39m: Server is running on port 3030
[2025-02-12 00:35:19] [32minfo[39m: Server is running on port 3030
[2025-02-12 00:35:25] [32minfo[39m: Server is running on port 3030
[2025-02-12 00:35:28] [32minfo[39m: Server is running on port 3030
[2025-02-12 00:35:31] [32minfo[39m: Lesson generation request received
[2025-02-12 00:35:31] [36mhttp[39m: POST /api/lessons/generate-lesson 200 11.679 ms
[2025-02-12 00:36:21] [32minfo[39m: Server is running on port 3030
[2025-02-12 00:36:21] [32minfo[39m: Server is running on port 3030
[2025-02-12 00:36:24] [32minfo[39m: Server is running on port 3030
[2025-02-12 00:36:26] [32minfo[39m: Server is running on port 3030
[2025-02-12 00:36:27] [32minfo[39m: Server is running on port 3030
[2025-02-12 00:36:29] [32minfo[39m: Server is running on port 3030
[2025-02-12 00:36:34] [32minfo[39m: Server is running on port 3030
[2025-02-12 00:36:35] [32minfo[39m: Server is running on port 3030
[2025-02-12 00:36:36] [32minfo[39m: Server is running on port 3030
[2025-02-12 00:36:38] [32minfo[39m: Server is running on port 3030
[2025-02-12 00:36:40] [32minfo[39m: Server is running on port 3030
[2025-02-12 00:36:43] [32minfo[39m: Server is running on port 3030
[2025-02-12 00:36:44] [32minfo[39m: Lesson generation request received
[2025-02-12 00:36:44] [36mhttp[39m: POST /api/lessons/generate-lesson 200 17.800 ms
[2025-02-12 00:37:07] [32minfo[39m: Server is running on port 3030
[2025-02-12 00:37:09] [32minfo[39m: Server is running on port 3030
[2025-02-12 00:37:15] [32minfo[39m: Server is running on port 3030
[2025-02-12 00:37:17] [32minfo[39m: Server is running on port 3030
[2025-02-12 00:37:19] [32minfo[39m: Server is running on port 3030
[2025-02-12 00:37:21] [32minfo[39m: Server is running on port 3030
[2025-02-12 00:37:37] [32minfo[39m: Server is running on port 3030
[2025-02-12 00:37:38] [32minfo[39m: Server is running on port 3030
[2025-02-12 00:37:43] [32minfo[39m: Server is running on port 3030
[2025-02-12 00:37:45] [32minfo[39m: Server is running on port 3030
[2025-02-12 00:37:47] [32minfo[39m: Lesson generation request received
[2025-02-12 00:37:47] [36mhttp[39m: POST /api/lessons/generate-lesson 200 14.885 ms
[2025-02-12 00:38:04] [32minfo[39m: Server is running on port 3030
[2025-02-12 00:38:05] [32minfo[39m: Server is running on port 3030
[2025-02-12 00:38:15] [32minfo[39m: Lesson generation request received
[2025-02-12 00:38:15] [36mhttp[39m: POST /api/lessons/generate-lesson 200 8751.013 ms
[2025-02-12 00:38:53] [32minfo[39m: Server is running on port 3030
[2025-02-12 00:38:56] [32minfo[39m: Server is running on port 3030
[2025-02-12 00:39:02] [32minfo[39m: Server is running on port 3030
[2025-02-12 00:39:05] [32minfo[39m: Server is running on port 3030
[2025-02-12 00:39:08] [32minfo[39m: Server is running on port 3030
[2025-02-12 00:39:21] [32minfo[39m: Server is running on port 3030
[2025-02-12 00:39:22] [32minfo[39m: Server is running on port 3030
[2025-02-12 00:39:36] [32minfo[39m: Server is running on port 3030
[2025-02-12 00:39:41] [32minfo[39m: Server is running on port 3030
[2025-02-12 00:39:42] [32minfo[39m: Server is running on port 3030
[2025-02-12 00:39:48] [32minfo[39m: Lesson generation request received
[2025-02-12 00:39:48] [36mhttp[39m: POST /api/lessons/generate-lesson 200 3875.774 ms
[2025-02-12 00:41:58] [32minfo[39m: Server is running on port 3030
[2025-02-12 00:42:03] [32minfo[39m: Server is running on port 3030
[2025-02-12 00:42:04] [32minfo[39m: Server is running on port 3030
[2025-02-12 00:42:07] [32minfo[39m: Server is running on port 3030
[2025-02-12 00:42:08] [32minfo[39m: Server is running on port 3030
[2025-02-12 00:42:19] [32minfo[39m: Lesson generation request received
[2025-02-12 00:42:19] [36mhttp[39m: POST /api/lessons/generate-lesson 200 5117.072 ms
[2025-02-12 00:43:17] [32minfo[39m: Server is running on port 3030
[2025-02-12 00:43:53] [32minfo[39m: Server is running on port 3030
[2025-02-12 00:43:58] [32minfo[39m: Server is running on port 3030
[2025-02-12 00:44:00] [32minfo[39m: Server is running on port 3030
[2025-02-12 00:44:09] [32minfo[39m: Server is running on port 3030
[2025-02-12 00:44:11] [32minfo[39m: Server is running on port 3030
[2025-02-12 00:44:14] [32minfo[39m: Server is running on port 3030
[2025-02-12 00:44:23] [32minfo[39m: Server is running on port 3030
[2025-02-12 00:44:34] [32minfo[39m: Server is running on port 3030
[2025-02-12 00:44:38] [32minfo[39m: Server is running on port 3030
[2025-02-12 00:44:49] [32minfo[39m: Server is running on port 3030
[2025-02-12 00:44:52] [32minfo[39m: Server is running on port 3030
[2025-02-12 00:44:57] [32minfo[39m: Server is running on port 3030
[2025-02-12 00:45:10] [32minfo[39m: Server is running on port 3030
[2025-02-12 00:45:12] [32minfo[39m: Server is running on port 3030
[2025-02-12 00:45:13] [32minfo[39m: Server is running on port 3030
[2025-02-12 00:45:22] [32minfo[39m: Server is running on port 3030
[2025-02-12 00:45:23] [32minfo[39m: Server is running on port 3030
[2025-02-12 00:45:27] [32minfo[39m: Server is running on port 3030
[2025-02-12 00:45:29] [32minfo[39m: Server is running on port 3030
[2025-02-12 00:45:37] [32minfo[39m: Server is running on port 3030
[2025-02-12 00:45:45] [32minfo[39m: Server is running on port 3030
[2025-02-12 00:45:47] [32minfo[39m: Server is running on port 3030
[2025-02-12 00:45:56] [32minfo[39m: Server is running on port 3030
[2025-02-12 00:46:11] [36mhttp[39m: POST /api/lessons/generate-lesson 400 17.145 ms
[2025-02-12 00:46:22] [32minfo[39m: Lesson generation request received
[2025-02-12 00:46:22] [36mhttp[39m: POST /api/lessons/generate-lesson 200 4699.546 ms
[2025-02-12 00:46:52] [32minfo[39m: Lesson generation request received
[2025-02-12 00:46:52] [36mhttp[39m: POST /api/lessons/generate-lesson 200 7216.942 ms
[2025-02-12 00:46:59] [32minfo[39m: Server is running on port 3030
[2025-02-12 00:47:16] [32minfo[39m: Server is running on port 3030
[2025-02-12 00:47:17] [32minfo[39m: Server is running on port 3030
[2025-02-12 00:47:21] [32minfo[39m: Server is running on port 3030
[2025-02-12 00:47:25] [32minfo[39m: Server is running on port 3030
[2025-02-12 00:47:29] [32minfo[39m: Server is running on port 3030
[2025-02-12 00:47:34] [32minfo[39m: Server is running on port 3030
[2025-02-12 00:47:45] [32minfo[39m: Lesson generation request received
[2025-02-12 00:47:45] [36mhttp[39m: POST /api/lessons/generate-lesson 200 5868.379 ms
[2025-02-12 00:48:27] [32minfo[39m: Server is running on port 3030
[2025-02-12 00:48:38] [32minfo[39m: Server is running on port 3030
[2025-02-12 00:48:46] [32minfo[39m: Lesson generation request received
[2025-02-12 00:48:46] [36mhttp[39m: POST /api/lessons/generate-lesson 200 5734.464 ms
[2025-02-12 00:50:30] [32minfo[39m: Server is running on port 3030
[2025-02-12 00:50:56] [32minfo[39m: Server is running on port 3030
[2025-02-12 00:53:35] [32minfo[39m: Server is running on port 3030
[2025-02-12 00:53:37] [32minfo[39m: Server is running on port 3030
[2025-02-12 00:53:48] [32minfo[39m: Server is running on port 3030
[2025-02-12 00:53:55] [32minfo[39m: Lesson generation request received
[2025-02-12 00:53:55] [36mhttp[39m: POST /api/lessons/generate-lesson 200 4119.941 ms
[2025-02-12 00:55:02] [32minfo[39m: Server is running on port 3030
[2025-02-12 00:55:11] [32minfo[39m: Server is running on port 3030
[2025-02-12 00:55:31] [32minfo[39m: Server is running on port 3030
[2025-02-12 00:55:41] [32minfo[39m: Server is running on port 3030
[2025-02-12 00:55:44] [32minfo[39m: Server is running on port 3030
[2025-02-12 00:55:54] [32minfo[39m: Server is running on port 3030
[2025-02-12 00:56:08] [32minfo[39m: Lesson generation request received
[2025-02-12 00:56:08] [36mhttp[39m: POST /api/lessons/generate-lesson 200 5804.238 ms
[2025-02-12 00:56:39] [32minfo[39m: Lesson generation request received
[2025-02-12 00:56:39] [36mhttp[39m: POST /api/lessons/generate-lesson 200 7958.926 ms
[2025-02-12 00:58:02] [32minfo[39m: Server is running on port 3030
[2025-02-12 00:58:03] [32minfo[39m: Server is running on port 3030
[2025-02-12 00:58:10] [32minfo[39m: Server is running on port 3030
[2025-02-12 00:58:14] [32minfo[39m: Server is running on port 3030
[2025-02-12 00:58:30] [32minfo[39m: Server is running on port 3030
[2025-02-12 00:58:31] [32minfo[39m: Server is running on port 3030
[2025-02-12 00:58:33] [32minfo[39m: Server is running on port 3030
[2025-02-12 00:58:40] [32minfo[39m: Server is running on port 3030
[2025-02-12 00:58:42] [32minfo[39m: Server is running on port 3030
[2025-02-12 00:58:49] [32minfo[39m: Server is running on port 3030
[2025-02-12 00:58:54] [32minfo[39m: Server is running on port 3030
[2025-02-12 00:58:57] [32minfo[39m: Server is running on port 3030
[2025-02-12 00:58:59] [32minfo[39m: Server is running on port 3030
[2025-02-12 00:59:00] [32minfo[39m: Server is running on port 3030
[2025-02-12 00:59:19] [32minfo[39m: Server is running on port 3030
[2025-02-12 00:59:21] [32minfo[39m: Server is running on port 3030
[2025-02-12 00:59:56] [32minfo[39m: Server is running on port 3030
[2025-02-12 01:00:08] [32minfo[39m: Server is running on port 3030
[2025-02-12 01:00:11] [32minfo[39m: Server is running on port 3030
[2025-02-12 01:00:15] [32minfo[39m: Server is running on port 3030
[2025-02-12 01:00:19] [32minfo[39m: Server is running on port 3030
[2025-02-12 01:00:22] [32minfo[39m: Server is running on port 3030
[2025-02-12 01:00:59] [32minfo[39m: Lesson generation request received
[2025-02-12 01:00:59] [36mhttp[39m: POST /api/lessons/generate-lesson 200 6500.136 ms
[2025-02-12 01:01:34] [32minfo[39m: Server is running on port 3030
[2025-02-12 01:01:40] [32minfo[39m: Server is running on port 3030
[2025-02-12 01:01:56] [32minfo[39m: Server is running on port 3030
[2025-02-12 01:02:00] [32minfo[39m: Server is running on port 3030
[2025-02-12 01:02:04] [32minfo[39m: Server is running on port 3030
[2025-02-12 01:02:09] [32minfo[39m: Lesson generation request received
[2025-02-12 01:02:09] [36mhttp[39m: POST /api/lessons/generate-lesson 200 2313.133 ms
[2025-02-12 01:02:22] [32minfo[39m: Lesson generation request received
[2025-02-12 01:02:22] [36mhttp[39m: POST /api/lessons/generate-lesson 200 2898.404 ms
[2025-02-12 01:02:42] [32minfo[39m: Server is running on port 3030
[2025-02-12 01:02:47] [32minfo[39m: Lesson generation request received
[2025-02-12 01:02:47] [36mhttp[39m: POST /api/lessons/generate-lesson 200 2172.820 ms
[2025-02-12 01:03:14] [32minfo[39m: Server is running on port 3030
[2025-02-12 01:03:18] [32minfo[39m: Lesson generation request received
[2025-02-12 01:03:18] [36mhttp[39m: POST /api/lessons/generate-lesson 200 3387.823 ms
[2025-02-12 01:03:47] [32minfo[39m: Lesson generation request received
[2025-02-12 01:03:47] [36mhttp[39m: POST /api/lessons/generate-lesson 200 2293.367 ms
[2025-02-12 01:04:14] [32minfo[39m: Lesson generation request received
[2025-02-12 01:04:14] [36mhttp[39m: POST /api/lessons/generate-lesson 200 3760.265 ms
[2025-02-12 01:04:34] [32minfo[39m: Server is running on port 3030
